<?xml version="1.0" encoding="UTF-8"?>
<!-- Generated by org.testng.reporters.JUnitXMLReporter -->
<testsuite ignored="5" hostname="comunus-194" failures="1" tests="1" name="Suite Test2" time="81.722" errors="0" timestamp="05 Feb 2024 05:38:20 GMT">
  <testcase classname="com.absli.testcases.TestRunner" name="CompletesameGMSB" time="49.781">
    <failure type="org.openqa.selenium.NoSuchElementException" message="no such element: Unable to locate element: {&amp;quot;method&amp;quot;:&amp;quot;xpath&amp;quot;,&amp;quot;selector&amp;quot;:&amp;quot;//label[contains(text(),&amp;apos;CA Ref A&amp;apos;)]//parent::div//child::input&amp;quot;}
  (Session info: chrome=121.0.6167.86)
For documentation on this error, please visit: https://www.selenium.dev/documentation/webdriver/troubleshooting/errors#no-such-element-exception
Build info: version: &amp;apos;4.11.0&amp;apos;, revision: &amp;apos;040bc5406b&amp;apos;
System info: os.name: &amp;apos;Windows 11&amp;apos;, os.arch: &amp;apos;amd64&amp;apos;, os.version: &amp;apos;10.0&amp;apos;, java.version: &amp;apos;20.0.1&amp;apos;
Driver info: org.openqa.selenium.remote.RemoteWebDriver
Command: [187ac4b9a7ded25e91096c47d1dc77c7, findElement {using=xpath, value=//label[contains(text(),&amp;apos;CA Ref A&amp;apos;)]//parent::div//child::input}]
Capabilities {acceptInsecureCerts: false, browserName: chrome, browserVersion: 121.0.6167.86, chrome: {chromedriverVersion: 121.0.6167.8 (4aa41a0c90a47..., userDataDir: C:\Program Files (x86)\scop...}, fedcm:accounts: true, goog:chromeOptions: {debuggerAddress: localhost:9225}, networkConnectionEnabled: false, pageLoadStrategy: normal, platformName: Windows XP, proxy: Proxy(), se:bidiEnabled: false, se:cdpVersion: 121.0.6167.86, setWindowRect: true, strictFileInteractability: false, timeouts: {implicit: 0, pageLoad: 300000, script: 30000}, unhandledPromptBehavior: dismiss and notify, webauthn:extension:credBlob: true, webauthn:extension:largeBlob: true, webauthn:extension:minPinLength: true, webauthn:extension:prf: true, webauthn:virtualAuthenticators: true}
Session ID: 187ac4b9a7ded25e91096c47d1dc77c7">
      <![CDATA[org.openqa.selenium.NoSuchElementException: no such element: Unable to locate element: {"method":"xpath","selector":"//label[contains(text(),'CA Ref A')]//parent::div//child::input"}
  (Session info: chrome=121.0.6167.86)
For documentation on this error, please visit: https://www.selenium.dev/documentation/webdriver/troubleshooting/errors#no-such-element-exception
Build info: version: '4.11.0', revision: '040bc5406b'
System info: os.name: 'Windows 11', os.arch: 'amd64', os.version: '10.0', java.version: '20.0.1'
Driver info: org.openqa.selenium.remote.RemoteWebDriver
Command: [187ac4b9a7ded25e91096c47d1dc77c7, findElement {using=xpath, value=//label[contains(text(),'CA Ref A')]//parent::div//child::input}]
Capabilities {acceptInsecureCerts: false, browserName: chrome, browserVersion: 121.0.6167.86, chrome: {chromedriverVersion: 121.0.6167.8 (4aa41a0c90a47..., userDataDir: C:\Program Files (x86)\scop...}, fedcm:accounts: true, goog:chromeOptions: {debuggerAddress: localhost:9225}, networkConnectionEnabled: false, pageLoadStrategy: normal, platformName: Windows XP, proxy: Proxy(), se:bidiEnabled: false, se:cdpVersion: 121.0.6167.86, setWindowRect: true, strictFileInteractability: false, timeouts: {implicit: 0, pageLoad: 300000, script: 30000}, unhandledPromptBehavior: dismiss and notify, webauthn:extension:credBlob: true, webauthn:extension:largeBlob: true, webauthn:extension:minPinLength: true, webauthn:extension:prf: true, webauthn:virtualAuthenticators: true}
Session ID: 187ac4b9a7ded25e91096c47d1dc77c7
	at org.openqa.selenium.remote.codec.w3c.W3CHttpResponseCodec.createException(W3CHttpResponseCodec.java:200)
	at org.openqa.selenium.remote.codec.w3c.W3CHttpResponseCodec.decode(W3CHttpResponseCodec.java:133)
	at org.openqa.selenium.remote.codec.w3c.W3CHttpResponseCodec.decode(W3CHttpResponseCodec.java:52)
	at org.openqa.selenium.remote.HttpCommandExecutor.execute(HttpCommandExecutor.java:191)
	at org.openqa.selenium.remote.TracedCommandExecutor.execute(TracedCommandExecutor.java:51)
	at org.openqa.selenium.remote.RemoteWebDriver.execute(RemoteWebDriver.java:518)
	at org.openqa.selenium.remote.ElementLocation$ElementFinder$2.findElement(ElementLocation.java:165)
	at org.openqa.selenium.remote.ElementLocation.findElement(ElementLocation.java:59)
	at org.openqa.selenium.remote.RemoteWebDriver.findElement(RemoteWebDriver.java:355)
	at org.openqa.selenium.remote.RemoteWebDriver.findElement(RemoteWebDriver.java:349)
	at org.openqa.selenium.support.pagefactory.DefaultElementLocator.findElement(DefaultElementLocator.java:68)
	at org.openqa.selenium.support.pagefactory.internal.LocatingElementHandler.invoke(LocatingElementHandler.java:38)
	at jdk.proxy2/jdk.proxy2.$Proxy23.isDisplayed(Unknown Source)
	at com.absli.pageObjects.CustomerProfile.EnterCARefAWeb(CustomerProfile.java:270)
	at Utils.SelectChannel_TestFactory.Select_Channel(SelectChannel_TestFactory.java:133)
	at com.absli.scripts.EndtoEndProposerSame.CompletesameScenarioJourney(EndtoEndProposerSame.java:39)
	at com.absli.testcases.TestRunner.CompletesameGMSB(TestRunner.java:47)
	at java.base/java.util.concurrent.FutureTask.run(FutureTask.java:317)
	at java.base/java.util.concurrent.ThreadPoolExecutor.runWorker(ThreadPoolExecutor.java:1144)
	at java.base/java.util.concurrent.ThreadPoolExecutor$Worker.run(ThreadPoolExecutor.java:642)
	at java.base/java.lang.Thread.run(Thread.java:1623)
... Removed 17 stack frames]]>
    </failure>
  </testcase> <!-- CompletesameGMSB -->
  <testcase classname="com.absli.testcases.TestRunner" name="CompleteMajorDifferentGMSA" time="0.0">
    <ignored/>
  </testcase> <!-- CompleteMajorDifferentGMSA -->
  <testcase classname="com.absli.testcases.TestRunner" name="CompletesminorGMSB" time="0.0">
    <ignored/>
  </testcase> <!-- CompletesminorGMSB -->
  <testcase classname="com.absli.testcases.TestRunner" name="CompletesameGMSC" time="0.0">
    <ignored/>
  </testcase> <!-- CompletesameGMSC -->
  <testcase classname="com.absli.testcases.TestRunner" name="CompletesminorGMSA" time="0.0">
    <ignored/>
  </testcase> <!-- CompletesminorGMSA -->
  <testcase classname="com.absli.testcases.TestRunner" name="CompletesameGMSA" time="0.0">
    <ignored/>
  </testcase> <!-- CompletesameGMSA -->
</testsuite> <!-- Suite Test2 -->
