<?xml version="1.0" encoding="UTF-8"?>
<!-- Generated by org.testng.reporters.JUnitXMLReporter -->
<testsuite ignored="5" hostname="comunus-194" failures="1" tests="1" name="Suite Test1" time="87.749" errors="0" timestamp="06 Feb 2024 04:34:54 GMT">
  <testcase classname="com.absli.testcases.TestRunner" name="CompletesminorGMSA" time="62.541">
    <failure type="org.openqa.selenium.ElementClickInterceptedException" message="element click intercepted: Element &amp;lt;input aria-invalid=&amp;quot;false&amp;quot; autocomplete=&amp;quot;off&amp;quot; disabled=&amp;quot;&amp;quot; type=&amp;quot;text&amp;quot; class=&amp;quot;MuiInputBase-input MuiInput-input MuiAutocomplete-input MuiAutocomplete-inputFocused Mui-disabled Mui-disabled&amp;quot; aria-autocomplete=&amp;quot;list&amp;quot; autocapitalize=&amp;quot;none&amp;quot; spellcheck=&amp;quot;false&amp;quot; value=&amp;quot;&amp;quot; id=&amp;quot;mui-autocomplete-41923&amp;quot;&amp;gt; is not clickable at point (616, 15). Other element would receive the click: &amp;lt;div class=&amp;quot;MuiBox-root jss169 header-logo&amp;quot; id=&amp;quot;header&amp;quot;&amp;gt;...&amp;lt;/div&amp;gt;
  (Session info: chrome=121.0.6167.85)
Build info: version: &amp;apos;4.11.0&amp;apos;, revision: &amp;apos;040bc5406b&amp;apos;
System info: os.name: &amp;apos;Windows 11&amp;apos;, os.arch: &amp;apos;amd64&amp;apos;, os.version: &amp;apos;10.0&amp;apos;, java.version: &amp;apos;20.0.1&amp;apos;
Driver info: org.openqa.selenium.chrome.ChromeDriver
Command: [2a72e4ce1e044bde09c865936c9f42a1, clickElement {id=5D3CB9CA830C818A1506D0743A484720_element_70}]
Capabilities {acceptInsecureCerts: false, browserName: chrome, browserVersion: 121.0.6167.85, chrome: {chromedriverVersion: 121.0.6167.85 (3f98d690ad7e..., userDataDir: C:\Users\COMUNU~1.COM\AppDa...}, fedcm:accounts: true, goog:chromeOptions: {debuggerAddress: localhost:59475}, networkConnectionEnabled: false, pageLoadStrategy: normal, platformName: windows, proxy: Proxy(), se:cdp: ws://localhost:59475/devtoo..., se:cdpVersion: 121.0.6167.85, setWindowRect: true, strictFileInteractability: false, timeouts: {implicit: 0, pageLoad: 300000, script: 30000}, unhandledPromptBehavior: dismiss and notify, webauthn:extension:credBlob: true, webauthn:extension:largeBlob: true, webauthn:extension:minPinLength: true, webauthn:extension:prf: true, webauthn:virtualAuthenticators: true}
Element: [[ChromeDriver: chrome on windows (2a72e4ce1e044bde09c865936c9f42a1)] -&amp;gt; xpath: (//input[contains(@aria-autocomplete,&amp;apos;list&amp;apos;)])]
Session ID: 2a72e4ce1e044bde09c865936c9f42a1">
      <![CDATA[org.openqa.selenium.ElementClickInterceptedException: element click intercepted: Element <input aria-invalid="false" autocomplete="off" disabled="" type="text" class="MuiInputBase-input MuiInput-input MuiAutocomplete-input MuiAutocomplete-inputFocused Mui-disabled Mui-disabled" aria-autocomplete="list" autocapitalize="none" spellcheck="false" value="" id="mui-autocomplete-41923"> is not clickable at point (616, 15). Other element would receive the click: <div class="MuiBox-root jss169 header-logo" id="header">...</div>
  (Session info: chrome=121.0.6167.85)
Build info: version: '4.11.0', revision: '040bc5406b'
System info: os.name: 'Windows 11', os.arch: 'amd64', os.version: '10.0', java.version: '20.0.1'
Driver info: org.openqa.selenium.chrome.ChromeDriver
Command: [2a72e4ce1e044bde09c865936c9f42a1, clickElement {id=5D3CB9CA830C818A1506D0743A484720_element_70}]
Capabilities {acceptInsecureCerts: false, browserName: chrome, browserVersion: 121.0.6167.85, chrome: {chromedriverVersion: 121.0.6167.85 (3f98d690ad7e..., userDataDir: C:\Users\COMUNU~1.COM\AppDa...}, fedcm:accounts: true, goog:chromeOptions: {debuggerAddress: localhost:59475}, networkConnectionEnabled: false, pageLoadStrategy: normal, platformName: windows, proxy: Proxy(), se:cdp: ws://localhost:59475/devtoo..., se:cdpVersion: 121.0.6167.85, setWindowRect: true, strictFileInteractability: false, timeouts: {implicit: 0, pageLoad: 300000, script: 30000}, unhandledPromptBehavior: dismiss and notify, webauthn:extension:credBlob: true, webauthn:extension:largeBlob: true, webauthn:extension:minPinLength: true, webauthn:extension:prf: true, webauthn:virtualAuthenticators: true}
Element: [[ChromeDriver: chrome on windows (2a72e4ce1e044bde09c865936c9f42a1)] -> xpath: (//input[contains(@aria-autocomplete,'list')])]
Session ID: 2a72e4ce1e044bde09c865936c9f42a1
	at org.openqa.selenium.remote.codec.w3c.W3CHttpResponseCodec.createException(W3CHttpResponseCodec.java:200)
	at org.openqa.selenium.remote.codec.w3c.W3CHttpResponseCodec.decode(W3CHttpResponseCodec.java:133)
	at org.openqa.selenium.remote.codec.w3c.W3CHttpResponseCodec.decode(W3CHttpResponseCodec.java:52)
	at org.openqa.selenium.remote.HttpCommandExecutor.execute(HttpCommandExecutor.java:191)
	at org.openqa.selenium.remote.service.DriverCommandExecutor.invokeExecute(DriverCommandExecutor.java:196)
	at org.openqa.selenium.remote.service.DriverCommandExecutor.execute(DriverCommandExecutor.java:171)
	at org.openqa.selenium.remote.RemoteWebDriver.execute(RemoteWebDriver.java:518)
	at org.openqa.selenium.remote.RemoteWebElement.execute(RemoteWebElement.java:224)
	at org.openqa.selenium.remote.RemoteWebElement.click(RemoteWebElement.java:77)
	at org.openqa.selenium.support.pagefactory.internal.LocatingElementHandler.invoke(LocatingElementHandler.java:51)
	at jdk.proxy2/jdk.proxy2.$Proxy23.click(Unknown Source)
	at com.absli.pageObjects.CustomerProfile.SelectAdviserStateForAdviser(CustomerProfile.java:282)
	at Utils.SelectChannel_TestFactory.Select_Channel(SelectChannel_TestFactory.java:164)
	at com.absli.scripts.EndtoEndProposerDiff_Minor.CompleteMinorScenarioJourney(EndtoEndProposerDiff_Minor.java:40)
	at com.absli.testcases.TestRunner.CompletesminorGMSA(TestRunner.java:85)
	at java.base/java.util.concurrent.FutureTask.run(FutureTask.java:317)
	at java.base/java.util.concurrent.ThreadPoolExecutor.runWorker(ThreadPoolExecutor.java:1144)
	at java.base/java.util.concurrent.ThreadPoolExecutor$Worker.run(ThreadPoolExecutor.java:642)
	at java.base/java.lang.Thread.run(Thread.java:1623)
... Removed 19 stack frames]]>
    </failure>
  </testcase> <!-- CompletesminorGMSA -->
  <testcase classname="com.absli.testcases.TestRunner" name="CompleteMajorDifferentGMSA" time="0.0">
    <ignored/>
  </testcase> <!-- CompleteMajorDifferentGMSA -->
  <testcase classname="com.absli.testcases.TestRunner" name="CompletesminorGMSB" time="0.0">
    <ignored/>
  </testcase> <!-- CompletesminorGMSB -->
  <testcase classname="com.absli.testcases.TestRunner" name="CompletesameGMSB" time="0.0">
    <ignored/>
  </testcase> <!-- CompletesameGMSB -->
  <testcase classname="com.absli.testcases.TestRunner" name="CompletesameGMSC" time="0.0">
    <ignored/>
  </testcase> <!-- CompletesameGMSC -->
  <testcase classname="com.absli.testcases.TestRunner" name="CompletesameGMSA" time="0.0">
    <ignored/>
  </testcase> <!-- CompletesameGMSA -->
</testsuite> <!-- Suite Test1 -->
